Arguments: 
  /usr/local/Cellar/node/13.8.0/bin/node /usr/local/Cellar/yarn/1.22.0/libexec/bin/yarn.js install

PATH: 
  /usr/local/bin:/usr/bin:/bin:/usr/sbin:/sbin

Yarn version: 
  1.22.0

Node version: 
  13.8.0

Platform: 
  darwin x64

Trace: 
  SyntaxError: /Users/macbook/Projects/bubs/package.json: Unexpected token } in JSON at position 291
      at JSON.parse (<anonymous>)
      at /usr/local/Cellar/yarn/1.22.0/libexec/lib/cli.js:1625:59
      at Generator.next (<anonymous>)
      at step (/usr/local/Cellar/yarn/1.22.0/libexec/lib/cli.js:310:30)
      at /usr/local/Cellar/yarn/1.22.0/libexec/lib/cli.js:321:13

npm manifest: 
  {
    "name": "bubu-the-guide",
    "version": "1.0.0",
    "main": "index.js",
    "license": "MIT",
    "dependencies": {
      "@babel/cli": "^7.8.3",
      "@babel/core": "^7.8.3",
      "@babel/preset-env": "^7.8.3",
      "http-server": "^0.12.1",
      "pug": "^2.0.4",
      "pug-cli": "^1.0.0-alpha6",
    },
    "scripts": {
      "build-js": "babel src/scripts -d dist/scripts",
      "build-scss": "sass src/styles/:dist/styles",
      "dev-scss": "sass --watch src/styles/:dist/styles",
      "pug": "pug -w ./src -o ./dist -P"
    }
  }

yarn manifest: 
  No manifest

Lockfile: 
  No lockfile
